2016-09-10 17:51:23,909 :: DEBUG :: Started new worker 4445024256: Initial worker pool
2016-09-10 17:51:23,909 :: DEBUG :: Started new worker 4450279424: Initial worker pool
2016-09-10 17:51:23,909 :: DEBUG :: Started new worker 4455534592: Initial worker pool
2016-09-10 17:51:23,910 :: DEBUG :: Started new worker 4460789760: Initial worker pool
2016-09-10 17:51:23,910 :: DEBUG :: Started new worker 4466044928: Initial worker pool
2016-09-10 17:51:23,910 :: DEBUG :: Started new worker 4471300096: Initial worker pool
2016-09-10 17:51:23,911 :: DEBUG :: Started new worker 4476555264: Initial worker pool
2016-09-10 17:51:23,911 :: DEBUG :: Started new worker 4481810432: Initial worker pool
2016-09-10 17:51:23,911 :: DEBUG :: Started new worker 4487065600: Initial worker pool
2016-09-10 17:51:23,911 :: DEBUG :: Started new worker 4492320768: Initial worker pool
2016-09-10 17:51:57,221 :: INFO :: Shutting down threadpool
2016-09-10 17:51:57,221 :: DEBUG :: Worker 4445024256 asked to SHUTDOWN
2016-09-10 17:51:57,222 :: DEBUG :: Worker 4460789760 asked to SHUTDOWN
2016-09-10 17:51:57,222 :: DEBUG :: Worker 4466044928 asked to SHUTDOWN
2016-09-10 17:51:57,222 :: DEBUG :: Worker 4471300096 asked to SHUTDOWN
2016-09-10 17:51:57,222 :: DEBUG :: Worker 4476555264 asked to SHUTDOWN
2016-09-10 17:51:57,222 :: DEBUG :: Worker 4481810432 asked to SHUTDOWN
2016-09-10 17:51:57,222 :: DEBUG :: Worker 4487065600 asked to SHUTDOWN
2016-09-10 17:51:57,222 :: DEBUG :: Worker 4492320768 asked to SHUTDOWN
2016-09-10 17:51:57,222 :: DEBUG :: Worker 4455534592 asked to SHUTDOWN
2016-09-10 17:51:57,222 :: DEBUG :: Worker 4450279424 asked to SHUTDOWN
2016-09-10 17:51:57,223 :: INFO :: All workers stopped
2016-09-10 17:52:41,763 :: INFO :: Run the game server...
2016-09-10 17:52:41,777 :: DEBUG :: Started new worker 4578177024: Initial worker pool
2016-09-10 17:52:41,778 :: DEBUG :: Started new worker 4583432192: Initial worker pool
2016-09-10 17:52:41,778 :: DEBUG :: Started new worker 4588687360: Initial worker pool
2016-09-10 17:52:41,778 :: DEBUG :: Started new worker 4593942528: Initial worker pool
2016-09-10 17:52:41,778 :: DEBUG :: Started new worker 4599197696: Initial worker pool
2016-09-10 17:52:41,778 :: DEBUG :: Started new worker 4604452864: Initial worker pool
2016-09-10 17:52:41,779 :: DEBUG :: Started new worker 4609708032: Initial worker pool
2016-09-10 17:52:41,779 :: DEBUG :: Started new worker 4614963200: Initial worker pool
2016-09-10 17:52:41,779 :: DEBUG :: Started new worker 4620218368: Initial worker pool
2016-09-10 17:52:41,779 :: DEBUG :: Started new worker 4625473536: Initial worker pool
2016-09-10 17:54:29,704 :: INFO :: #========================================================
2016-09-10 17:54:29,704 :: INFO :: # start the game server and web server
2016-09-10 17:54:29,704 :: INFO :: #========================================================
2016-09-10 17:54:29,706 :: INFO :: Run the game server...
2016-09-10 17:54:29,720 :: DEBUG :: Started new worker 4420337664: Initial worker pool
2016-09-10 17:54:29,720 :: DEBUG :: Started new worker 4425592832: Initial worker pool
2016-09-10 17:54:29,721 :: DEBUG :: Started new worker 4430848000: Initial worker pool
2016-09-10 17:54:29,721 :: DEBUG :: Started new worker 4436103168: Initial worker pool
2016-09-10 17:54:29,721 :: DEBUG :: Started new worker 4441358336: Initial worker pool
2016-09-10 17:54:29,722 :: DEBUG :: Started new worker 4446613504: Initial worker pool
2016-09-10 17:54:29,722 :: DEBUG :: Started new worker 4451868672: Initial worker pool
2016-09-10 17:54:29,722 :: DEBUG :: Started new worker 4457123840: Initial worker pool
2016-09-10 17:54:29,722 :: DEBUG :: Started new worker 4462379008: Initial worker pool
2016-09-10 17:54:29,722 :: DEBUG :: Started new worker 4467634176: Initial worker pool
2016-09-10 17:56:18,354 :: DEBUG :: Added task (0 tasks queued)
2016-09-10 17:56:18,504 :: DEBUG :: Added task (0 tasks queued)
2016-09-10 17:56:18,536 :: DEBUG :: Added task (0 tasks queued)
2016-09-10 17:57:42,445 :: INFO :: #========================================================
2016-09-10 17:57:42,445 :: INFO :: # start the game server and web server
2016-09-10 17:57:42,445 :: INFO :: #========================================================
2016-09-10 17:57:42,447 :: INFO :: Run the game server...
2016-09-10 17:57:42,461 :: DEBUG :: Started new worker 4579495936: Initial worker pool
2016-09-10 17:57:42,462 :: DEBUG :: Started new worker 4584751104: Initial worker pool
2016-09-10 17:57:42,462 :: DEBUG :: Started new worker 4590006272: Initial worker pool
2016-09-10 17:57:42,462 :: DEBUG :: Started new worker 4595261440: Initial worker pool
2016-09-10 17:57:42,462 :: DEBUG :: Started new worker 4600516608: Initial worker pool
2016-09-10 17:57:42,463 :: DEBUG :: Started new worker 4605771776: Initial worker pool
2016-09-10 17:57:42,463 :: DEBUG :: Started new worker 4611026944: Initial worker pool
2016-09-10 17:57:42,463 :: DEBUG :: Started new worker 4616282112: Initial worker pool
2016-09-10 17:57:42,463 :: DEBUG :: Started new worker 4621537280: Initial worker pool
2016-09-10 17:57:42,463 :: DEBUG :: Started new worker 4626792448: Initial worker pool
2016-09-10 17:57:52,382 :: DEBUG :: Added task (0 tasks queued)
2016-09-10 17:57:52,414 :: INFO :: [bottle] 127.0.0.1 GET http://127.0.0.1:8080/ 200 OK
2016-09-10 17:57:52,414 :: INFO :: 127.0.0.1 - - [10/Sep/2016:17:57:52 +0200] "GET / HTTP/1.1" 200 228 "-" "Mozilla/5.0 (Macintosh; Intel Mac OS X 10.9; rv:48.0) Gecko/20100101 Firefox/48.0"
2016-09-10 17:58:19,932 :: INFO :: #========================================================
2016-09-10 17:58:19,932 :: INFO :: # start the game server and web server
2016-09-10 17:58:19,932 :: INFO :: #========================================================
2016-09-10 17:58:19,934 :: INFO :: Run the game server...
2016-09-10 17:58:19,947 :: DEBUG :: Started new worker 4444631040: Initial worker pool
2016-09-10 17:58:19,948 :: DEBUG :: Started new worker 4449886208: Initial worker pool
2016-09-10 17:58:19,948 :: DEBUG :: Started new worker 4455141376: Initial worker pool
2016-09-10 17:58:19,948 :: DEBUG :: Started new worker 4460396544: Initial worker pool
2016-09-10 17:58:19,949 :: DEBUG :: Started new worker 4465651712: Initial worker pool
2016-09-10 17:58:19,949 :: DEBUG :: Started new worker 4470906880: Initial worker pool
2016-09-10 17:58:19,949 :: DEBUG :: Started new worker 4476162048: Initial worker pool
2016-09-10 17:58:19,949 :: DEBUG :: Started new worker 4481417216: Initial worker pool
2016-09-10 17:58:19,949 :: DEBUG :: Started new worker 4486672384: Initial worker pool
2016-09-10 17:58:19,950 :: DEBUG :: Started new worker 4491927552: Initial worker pool
2016-09-10 17:59:16,453 :: DEBUG :: Added task (0 tasks queued)
2016-09-10 17:59:16,486 :: INFO :: [bottle] 127.0.0.1 GET http://127.0.0.1:8080/ 200 OK
2016-09-10 17:59:16,487 :: INFO :: 127.0.0.1 - - [10/Sep/2016:17:59:16 +0200] "GET / HTTP/1.1" 200 228 "-" "Mozilla/5.0 (Macintosh; Intel Mac OS X 10.9; rv:48.0) Gecko/20100101 Firefox/48.0"
2016-09-10 18:00:13,284 :: DEBUG :: Added task (0 tasks queued)
2016-09-10 18:00:13,991 :: INFO :: [bottle] 127.0.0.1 GET http://127.0.0.1:8080/new_game 200 OK
2016-09-10 18:00:13,991 :: INFO :: 127.0.0.1 - - [10/Sep/2016:18:00:13 +0200] "GET /new_game HTTP/1.1" 200 387 "http://127.0.0.1:8080/" "Mozilla/5.0 (Macintosh; Intel Mac OS X 10.9; rv:48.0) Gecko/20100101 Firefox/48.0"
2016-09-10 18:00:46,395 :: CRITICAL :: #========================================================
2016-09-10 18:00:46,396 :: CRITICAL :: # start the game server and web server
2016-09-10 18:00:46,396 :: CRITICAL :: #========================================================
2016-09-10 18:00:46,397 :: INFO :: Run the game server...
2016-09-10 18:00:46,411 :: DEBUG :: Started new worker 4470476800: Initial worker pool
2016-09-10 18:00:46,412 :: DEBUG :: Started new worker 4475731968: Initial worker pool
2016-09-10 18:00:46,412 :: DEBUG :: Started new worker 4480987136: Initial worker pool
2016-09-10 18:00:46,412 :: DEBUG :: Started new worker 4486242304: Initial worker pool
2016-09-10 18:00:46,412 :: DEBUG :: Started new worker 4491497472: Initial worker pool
2016-09-10 18:00:46,412 :: DEBUG :: Started new worker 4496752640: Initial worker pool
2016-09-10 18:00:46,413 :: DEBUG :: Started new worker 4502007808: Initial worker pool
2016-09-10 18:00:46,413 :: DEBUG :: Started new worker 4507262976: Initial worker pool
2016-09-10 18:00:46,413 :: DEBUG :: Started new worker 4512518144: Initial worker pool
2016-09-10 18:00:46,413 :: DEBUG :: Started new worker 4517773312: Initial worker pool
2016-09-10 18:01:48,429 :: DEBUG :: Added task (0 tasks queued)
2016-09-10 18:01:48,464 :: INFO :: [bottle] 127.0.0.1 GET http://127.0.0.1:8080/new_game 200 OK
2016-09-10 18:01:48,464 :: INFO :: 127.0.0.1 - - [10/Sep/2016:18:01:48 +0200] "GET /new_game HTTP/1.1" 200 481 "http://127.0.0.1:8080/" "Mozilla/5.0 (Macintosh; Intel Mac OS X 10.9; rv:48.0) Gecko/20100101 Firefox/48.0"
2016-09-10 18:02:04,216 :: DEBUG :: Added task (0 tasks queued)
2016-09-10 18:02:04,217 :: INFO :: 127.0.0.1 - - [10/Sep/2016:18:02:04 +0200] "POST /create_new_game HTTP/1.1" 303 0 "http://127.0.0.1:8080/new_game" "Mozilla/5.0 (Macintosh; Intel Mac OS X 10.9; rv:48.0) Gecko/20100101 Firefox/48.0"
2016-09-10 18:02:04,222 :: DEBUG :: Added task (0 tasks queued)
2016-09-10 18:02:04,224 :: INFO :: [bottle] 127.0.0.1 GET http://127.0.0.1:8080/ 200 OK
2016-09-10 18:02:04,224 :: INFO :: 127.0.0.1 - - [10/Sep/2016:18:02:04 +0200] "GET / HTTP/1.1" 200 303 "http://127.0.0.1:8080/new_game" "Mozilla/5.0 (Macintosh; Intel Mac OS X 10.9; rv:48.0) Gecko/20100101 Firefox/48.0"
2016-09-10 18:04:44,067 :: DEBUG :: Added task (0 tasks queued)
2016-09-10 18:06:24,258 :: CRITICAL :: #========================================================
2016-09-10 18:06:24,259 :: CRITICAL :: # start the game server and web server
2016-09-10 18:06:24,259 :: CRITICAL :: #========================================================
2016-09-10 18:06:24,264 :: INFO :: Run the game server...
2016-09-10 18:07:21,577 :: CRITICAL :: #========================================================
2016-09-10 18:07:21,577 :: CRITICAL :: # start the game server and web server
2016-09-10 18:07:21,578 :: CRITICAL :: #========================================================
2016-09-10 18:07:21,583 :: INFO :: Run the game server...
2016-09-10 18:07:21,597 :: DEBUG :: Started new worker 4494741504: Initial worker pool
2016-09-10 18:07:21,597 :: DEBUG :: Started new worker 4499996672: Initial worker pool
2016-09-10 18:07:21,598 :: DEBUG :: Started new worker 4505251840: Initial worker pool
2016-09-10 18:07:21,598 :: DEBUG :: Started new worker 4510507008: Initial worker pool
2016-09-10 18:07:21,599 :: DEBUG :: Started new worker 4515762176: Initial worker pool
2016-09-10 18:07:21,600 :: DEBUG :: Started new worker 4521017344: Initial worker pool
2016-09-10 18:07:21,600 :: DEBUG :: Started new worker 4526272512: Initial worker pool
2016-09-10 18:07:21,601 :: DEBUG :: Started new worker 4531527680: Initial worker pool
2016-09-10 18:07:21,601 :: DEBUG :: Started new worker 4536782848: Initial worker pool
2016-09-10 18:07:21,602 :: DEBUG :: Started new worker 4542038016: Initial worker pool
%(asctime)s :: CRITICAL :: #========================================================
%(asctime)s :: CRITICAL :: # start the game server and web server
%(asctime)s :: CRITICAL :: #========================================================
%(asctime)s :: INFO :: Run the game server...
%(asctime)s :: DEBUG :: Started new worker 4353253376: Initial worker pool
%(asctime)s :: DEBUG :: Started new worker 4358508544: Initial worker pool
%(asctime)s :: DEBUG :: Started new worker 4363763712: Initial worker pool
%(asctime)s :: DEBUG :: Started new worker 4369018880: Initial worker pool
%(asctime)s :: DEBUG :: Started new worker 4374274048: Initial worker pool
%(asctime)s :: DEBUG :: Started new worker 4379529216: Initial worker pool
%(asctime)s :: DEBUG :: Started new worker 4384784384: Initial worker pool
%(asctime)s :: DEBUG :: Started new worker 4390039552: Initial worker pool
%(asctime)s :: DEBUG :: Started new worker 4395294720: Initial worker pool
%(asctime)s :: DEBUG :: Started new worker 4400549888: Initial worker pool
root 2016-09-10 18:24:09,991 :: CRITICAL :: #========================================================
root 2016-09-10 18:24:09,991 :: CRITICAL :: # start the game server and web server
root 2016-09-10 18:24:09,991 :: CRITICAL :: #========================================================
root 2016-09-10 18:24:09,994 :: INFO :: Run the game server...
paste.httpserver.ThreadPool 2016-09-10 18:24:10,007 :: DEBUG :: Started new worker 4484882432: Initial worker pool
paste.httpserver.ThreadPool 2016-09-10 18:24:10,007 :: DEBUG :: Started new worker 4490137600: Initial worker pool
paste.httpserver.ThreadPool 2016-09-10 18:24:10,007 :: DEBUG :: Started new worker 4495392768: Initial worker pool
paste.httpserver.ThreadPool 2016-09-10 18:24:10,008 :: DEBUG :: Started new worker 4500647936: Initial worker pool
paste.httpserver.ThreadPool 2016-09-10 18:24:10,008 :: DEBUG :: Started new worker 4505903104: Initial worker pool
paste.httpserver.ThreadPool 2016-09-10 18:24:10,008 :: DEBUG :: Started new worker 4511158272: Initial worker pool
paste.httpserver.ThreadPool 2016-09-10 18:24:10,008 :: DEBUG :: Started new worker 4516413440: Initial worker pool
paste.httpserver.ThreadPool 2016-09-10 18:24:10,008 :: DEBUG :: Started new worker 4521668608: Initial worker pool
paste.httpserver.ThreadPool 2016-09-10 18:24:10,009 :: DEBUG :: Started new worker 4526923776: Initial worker pool
paste.httpserver.ThreadPool 2016-09-10 18:24:10,009 :: DEBUG :: Started new worker 4532178944: Initial worker pool
2Y-09-10 18:28:50-[root]  :: CRITICAL :: #========================================================
2Y-09-10 18:28:50-[root]  :: CRITICAL :: # start the game server and web server
2Y-09-10 18:28:50-[root]  :: CRITICAL :: #========================================================
2Y-09-10 18:28:50-[root]  :: INFO :: Run the game server...
2Y-09-10 18:28:50-[paste.httpserver.ThreadPool]  :: DEBUG :: Started new worker 4346044416: Initial worker pool
2Y-09-10 18:28:50-[paste.httpserver.ThreadPool]  :: DEBUG :: Started new worker 4351299584: Initial worker pool
2Y-09-10 18:28:50-[paste.httpserver.ThreadPool]  :: DEBUG :: Started new worker 4356554752: Initial worker pool
2Y-09-10 18:28:50-[paste.httpserver.ThreadPool]  :: DEBUG :: Started new worker 4361809920: Initial worker pool
2Y-09-10 18:28:50-[paste.httpserver.ThreadPool]  :: DEBUG :: Started new worker 4367065088: Initial worker pool
2Y-09-10 18:28:50-[paste.httpserver.ThreadPool]  :: DEBUG :: Started new worker 4372320256: Initial worker pool
2Y-09-10 18:28:50-[paste.httpserver.ThreadPool]  :: DEBUG :: Started new worker 4377575424: Initial worker pool
2Y-09-10 18:28:50-[paste.httpserver.ThreadPool]  :: DEBUG :: Started new worker 4382830592: Initial worker pool
2Y-09-10 18:28:50-[paste.httpserver.ThreadPool]  :: DEBUG :: Started new worker 4388085760: Initial worker pool
2Y-09-10 18:28:50-[paste.httpserver.ThreadPool]  :: DEBUG :: Started new worker 4393340928: Initial worker pool
2016-09-10 18:36:29 [root] | CRITICAL | #========================================================
2016-09-10 18:36:29 [root] | CRITICAL | # start the game server and web server
2016-09-10 18:36:29 [root] | CRITICAL | #========================================================
2016-09-10 18:36:29 [root] | INFO | Run the game server...
2016-09-10 18:36:29 [paste.httpserver.ThreadPool] | DEBUG | Started new worker 4584562688: Initial worker pool
2016-09-10 18:36:29 [paste.httpserver.ThreadPool] | DEBUG | Started new worker 4589817856: Initial worker pool
2016-09-10 18:36:29 [paste.httpserver.ThreadPool] | DEBUG | Started new worker 4595073024: Initial worker pool
2016-09-10 18:36:29 [paste.httpserver.ThreadPool] | DEBUG | Started new worker 4600590336: Initial worker pool
2016-09-10 18:36:29 [paste.httpserver.ThreadPool] | DEBUG | Started new worker 4605845504: Initial worker pool
2016-09-10 18:36:29 [paste.httpserver.ThreadPool] | DEBUG | Started new worker 4611100672: Initial worker pool
2016-09-10 18:36:29 [paste.httpserver.ThreadPool] | DEBUG | Started new worker 4616355840: Initial worker pool
2016-09-10 18:36:29 [paste.httpserver.ThreadPool] | DEBUG | Started new worker 4621611008: Initial worker pool
2016-09-10 18:36:29 [paste.httpserver.ThreadPool] | DEBUG | Started new worker 4626866176: Initial worker pool
2016-09-10 18:36:29 [paste.httpserver.ThreadPool] | DEBUG | Started new worker 4632121344: Initial worker pool
2016-09-10 18:37:12 [root] | CRITICAL | #========================================================
2016-09-10 18:37:12 [root] | CRITICAL | # start the game server and web server
2016-09-10 18:37:12 [root] | CRITICAL | #========================================================
2016-09-10 18:37:12 [root] | INFO | Run the game server...
2016-09-10 18:37:12 [paste.httpserver.ThreadPool] | DEBUG | Started new worker 4503597056: Initial worker pool
2016-09-10 18:37:12 [paste.httpserver.ThreadPool] | DEBUG | Started new worker 4508852224: Initial worker pool
2016-09-10 18:37:12 [paste.httpserver.ThreadPool] | DEBUG | Started new worker 4514107392: Initial worker pool
2016-09-10 18:37:12 [paste.httpserver.ThreadPool] | DEBUG | Started new worker 4519624704: Initial worker pool
2016-09-10 18:37:12 [paste.httpserver.ThreadPool] | DEBUG | Started new worker 4524879872: Initial worker pool
2016-09-10 18:37:12 [paste.httpserver.ThreadPool] | DEBUG | Started new worker 4530135040: Initial worker pool
2016-09-10 18:37:12 [paste.httpserver.ThreadPool] | DEBUG | Started new worker 4535390208: Initial worker pool
2016-09-10 18:37:12 [paste.httpserver.ThreadPool] | DEBUG | Started new worker 4540645376: Initial worker pool
2016-09-10 18:37:12 [paste.httpserver.ThreadPool] | DEBUG | Started new worker 4545900544: Initial worker pool
2016-09-10 18:37:12 [paste.httpserver.ThreadPool] | DEBUG | Started new worker 4551155712: Initial worker pool
09/10 18:39:00 [root] | CRITICAL | #========================================================
09/10 18:39:00 [root] | CRITICAL | # start the game server and web server
09/10 18:39:00 [root] | CRITICAL | #========================================================
09/10 18:39:00 [root] | INFO | Run the game server...
09/10 18:39:00 [paste.httpserver.ThreadPool] | DEBUG | Started new worker 4516241408: Initial worker pool
09/10 18:39:00 [paste.httpserver.ThreadPool] | DEBUG | Started new worker 4521496576: Initial worker pool
09/10 18:39:00 [paste.httpserver.ThreadPool] | DEBUG | Started new worker 4526751744: Initial worker pool
09/10 18:39:00 [paste.httpserver.ThreadPool] | DEBUG | Started new worker 4532006912: Initial worker pool
09/10 18:39:00 [paste.httpserver.ThreadPool] | DEBUG | Started new worker 4537262080: Initial worker pool
09/10 18:39:00 [paste.httpserver.ThreadPool] | DEBUG | Started new worker 4542517248: Initial worker pool
09/10 18:39:00 [paste.httpserver.ThreadPool] | DEBUG | Started new worker 4547772416: Initial worker pool
09/10 18:39:00 [paste.httpserver.ThreadPool] | DEBUG | Started new worker 4553027584: Initial worker pool
09/10 18:39:00 [paste.httpserver.ThreadPool] | DEBUG | Started new worker 4558282752: Initial worker pool
09/10 18:39:00 [paste.httpserver.ThreadPool] | DEBUG | Started new worker 4563537920: Initial worker pool
09/10 18:40:09 [paste.httpserver.ThreadPool] | DEBUG | Added task (0 tasks queued)
09/10 18:40:09 [wsgi] | INFO | 127.0.0.1 - - [10/Sep/2016:18:40:09 +0200] "GET / HTTP/1.1" 200 303 "http://127.0.0.1:8080/new_game" "Mozilla/5.0 (Macintosh; Intel Mac OS X 10.9; rv:48.0) Gecko/20100101 Firefox/48.0"
09/10 18:40:19 [paste.httpserver.ThreadPool] | DEBUG | Added task (0 tasks queued)
09/10 18:40:20 [wsgi] | INFO | 127.0.0.1 - - [10/Sep/2016:18:40:20 +0200] "GET /new_game HTTP/1.1" 200 481 "http://127.0.0.1:8080/" "Mozilla/5.0 (Macintosh; Intel Mac OS X 10.9; rv:48.0) Gecko/20100101 Firefox/48.0"
09/10 18:40:27 [paste.httpserver.ThreadPool] | DEBUG | Added task (0 tasks queued)
09/10 18:40:27 [wsgi] | INFO | 127.0.0.1 - - [10/Sep/2016:18:40:27 +0200] "POST /create_new_game HTTP/1.1" 303 0 "http://127.0.0.1:8080/new_game" "Mozilla/5.0 (Macintosh; Intel Mac OS X 10.9; rv:48.0) Gecko/20100101 Firefox/48.0"
09/10 18:40:27 [paste.httpserver.ThreadPool] | DEBUG | Added task (0 tasks queued)
09/10 18:40:27 [wsgi] | INFO | 127.0.0.1 - - [10/Sep/2016:18:40:27 +0200] "GET / HTTP/1.1" 200 303 "http://127.0.0.1:8080/new_game" "Mozilla/5.0 (Macintosh; Intel Mac OS X 10.9; rv:48.0) Gecko/20100101 Firefox/48.0"
09/10 18:42:49 [root] | CRITICAL | #========================================================
09/10 18:42:49 [root] | CRITICAL | # start the game server and web server
09/10 18:42:49 [root] | CRITICAL | #========================================================
09/10 18:42:49 [root] | INFO | Run the game server...
09/10 18:42:49 [paste.httpserver.ThreadPool] | DEBUG | Started new worker 4394151936: Initial worker pool
09/10 18:42:49 [paste.httpserver.ThreadPool] | DEBUG | Started new worker 4399407104: Initial worker pool
09/10 18:42:49 [paste.httpserver.ThreadPool] | DEBUG | Started new worker 4404662272: Initial worker pool
09/10 18:42:49 [paste.httpserver.ThreadPool] | DEBUG | Started new worker 4409917440: Initial worker pool
09/10 18:42:49 [paste.httpserver.ThreadPool] | DEBUG | Started new worker 4415172608: Initial worker pool
09/10 18:42:49 [paste.httpserver.ThreadPool] | DEBUG | Started new worker 4420427776: Initial worker pool
09/10 18:42:49 [paste.httpserver.ThreadPool] | DEBUG | Started new worker 4425682944: Initial worker pool
09/10 18:42:49 [paste.httpserver.ThreadPool] | DEBUG | Started new worker 4430938112: Initial worker pool
09/10 18:42:49 [paste.httpserver.ThreadPool] | DEBUG | Started new worker 4436193280: Initial worker pool
09/10 18:42:49 [paste.httpserver.ThreadPool] | DEBUG | Started new worker 4441448448: Initial worker pool
09/10 18:43:09 [root] | CRITICAL | #========================================================
09/10 18:43:09 [root] | CRITICAL | # start the game server and web server
09/10 18:43:09 [root] | CRITICAL | #========================================================
09/10 18:43:09 [root] | INFO | Run the game server...
09/10 18:43:09 [paste.httpserver.ThreadPool] | DEBUG | Started new worker 4424593408: Initial worker pool
09/10 18:43:09 [paste.httpserver.ThreadPool] | DEBUG | Started new worker 4429848576: Initial worker pool
09/10 18:43:09 [paste.httpserver.ThreadPool] | DEBUG | Started new worker 4435103744: Initial worker pool
09/10 18:43:09 [paste.httpserver.ThreadPool] | DEBUG | Started new worker 4440358912: Initial worker pool
09/10 18:43:09 [paste.httpserver.ThreadPool] | DEBUG | Started new worker 4445614080: Initial worker pool
09/10 18:43:09 [paste.httpserver.ThreadPool] | DEBUG | Started new worker 4450869248: Initial worker pool
09/10 18:43:09 [paste.httpserver.ThreadPool] | DEBUG | Started new worker 4456124416: Initial worker pool
09/10 18:43:09 [paste.httpserver.ThreadPool] | DEBUG | Started new worker 4461379584: Initial worker pool
09/10 18:43:09 [paste.httpserver.ThreadPool] | DEBUG | Started new worker 4466634752: Initial worker pool
09/10 18:43:09 [paste.httpserver.ThreadPool] | DEBUG | Started new worker 4471889920: Initial worker pool
09/10 18:44:41 [paste.httpserver.ThreadPool] | DEBUG | Added task (0 tasks queued)
09/10 18:44:41 [wsgi] | INFO | 127.0.0.1 - - [10/Sep/2016:18:44:41 +0200] "GET / HTTP/1.1" 200 303 "http://127.0.0.1:8080/new_game" "Mozilla/5.0 (Macintosh; Intel Mac OS X 10.9; rv:48.0) Gecko/20100101 Firefox/48.0"
09/10 18:44:46 [paste.httpserver.ThreadPool] | DEBUG | Added task (0 tasks queued)
09/10 18:44:46 [wsgi] | INFO | 127.0.0.1 - - [10/Sep/2016:18:44:46 +0200] "GET / HTTP/1.1" 200 303 "http://127.0.0.1:8080/new_game" "Mozilla/5.0 (Macintosh; Intel Mac OS X 10.9; rv:48.0) Gecko/20100101 Firefox/48.0"
09/10 18:44:48 [paste.httpserver.ThreadPool] | DEBUG | Added task (0 tasks queued)
09/10 18:44:50 [wsgi] | INFO | 127.0.0.1 - - [10/Sep/2016:18:44:50 +0200] "GET /new_game HTTP/1.1" 200 481 "http://127.0.0.1:8080/" "Mozilla/5.0 (Macintosh; Intel Mac OS X 10.9; rv:48.0) Gecko/20100101 Firefox/48.0"
09/10 18:45:17 [paste.httpserver.ThreadPool] | DEBUG | Added task (0 tasks queued)
09/10 18:45:17 [wsgi] | INFO | 127.0.0.1 - - [10/Sep/2016:18:45:17 +0200] "POST /create_new_game HTTP/1.1" 303 0 "http://127.0.0.1:8080/new_game" "Mozilla/5.0 (Macintosh; Intel Mac OS X 10.9; rv:48.0) Gecko/20100101 Firefox/48.0"
09/10 18:45:17 [paste.httpserver.ThreadPool] | DEBUG | Added task (0 tasks queued)
09/10 18:45:17 [wsgi] | INFO | 127.0.0.1 - - [10/Sep/2016:18:45:17 +0200] "GET / HTTP/1.1" 200 303 "http://127.0.0.1:8080/new_game" "Mozilla/5.0 (Macintosh; Intel Mac OS X 10.9; rv:48.0) Gecko/20100101 Firefox/48.0"
09/10 18:45:30 [paste.httpserver.ThreadPool] | INFO | Shutting down threadpool
09/10 18:45:30 [paste.httpserver.ThreadPool] | DEBUG | Worker 4450869248 asked to SHUTDOWN
09/10 18:45:30 [paste.httpserver.ThreadPool] | DEBUG | Worker 4424593408 asked to SHUTDOWN
09/10 18:45:30 [paste.httpserver.ThreadPool] | DEBUG | Worker 4461379584 asked to SHUTDOWN
09/10 18:45:30 [paste.httpserver.ThreadPool] | DEBUG | Worker 4445614080 asked to SHUTDOWN
09/10 18:45:30 [paste.httpserver.ThreadPool] | DEBUG | Worker 4466634752 asked to SHUTDOWN
09/10 18:45:30 [paste.httpserver.ThreadPool] | DEBUG | Worker 4471889920 asked to SHUTDOWN
09/10 18:45:30 [paste.httpserver.ThreadPool] | DEBUG | Worker 4429848576 asked to SHUTDOWN
09/10 18:45:30 [paste.httpserver.ThreadPool] | DEBUG | Worker 4435103744 asked to SHUTDOWN
09/10 18:45:30 [paste.httpserver.ThreadPool] | DEBUG | Worker 4440358912 asked to SHUTDOWN
09/10 18:45:30 [paste.httpserver.ThreadPool] | DEBUG | Worker 4456124416 asked to SHUTDOWN
09/10 18:45:30 [paste.httpserver.ThreadPool] | INFO | All workers stopped
09/10 18:50:25 CRITICAL [root] | #========================================================
09/10 18:50:25 CRITICAL [root] | # start the game server and web server
09/10 18:50:25 CRITICAL [root] | #========================================================
09/10 18:50:25 INFO     [root] | Run the game server...
09/10 18:50:25 DEBUG    [paste.httpserver.ThreadPool] | Started new worker 4489641984: Initial worker pool
09/10 18:50:25 DEBUG    [paste.httpserver.ThreadPool] | Started new worker 4494897152: Initial worker pool
09/10 18:50:25 DEBUG    [paste.httpserver.ThreadPool] | Started new worker 4500152320: Initial worker pool
09/10 18:50:25 DEBUG    [paste.httpserver.ThreadPool] | Started new worker 4505407488: Initial worker pool
09/10 18:50:25 DEBUG    [paste.httpserver.ThreadPool] | Started new worker 4510662656: Initial worker pool
09/10 18:50:25 DEBUG    [paste.httpserver.ThreadPool] | Started new worker 4515917824: Initial worker pool
09/10 18:50:25 DEBUG    [paste.httpserver.ThreadPool] | Started new worker 4521172992: Initial worker pool
09/10 18:50:25 DEBUG    [paste.httpserver.ThreadPool] | Started new worker 4526428160: Initial worker pool
09/10 18:50:25 DEBUG    [paste.httpserver.ThreadPool] | Started new worker 4531683328: Initial worker pool
09/10 18:50:25 DEBUG    [paste.httpserver.ThreadPool] | Started new worker 4536938496: Initial worker pool
09/10 18:52:41 INFO     [paste.httpserver.ThreadPool] | Shutting down threadpool
09/10 18:52:41 DEBUG    [paste.httpserver.ThreadPool] | Worker 4489641984 asked to SHUTDOWN
09/10 18:52:41 DEBUG    [paste.httpserver.ThreadPool] | Worker 4521172992 asked to SHUTDOWN
09/10 18:52:41 DEBUG    [paste.httpserver.ThreadPool] | Worker 4500152320 asked to SHUTDOWN
09/10 18:52:41 DEBUG    [paste.httpserver.ThreadPool] | Worker 4531683328 asked to SHUTDOWN
09/10 18:52:41 DEBUG    [paste.httpserver.ThreadPool] | Worker 4526428160 asked to SHUTDOWN
09/10 18:52:41 DEBUG    [paste.httpserver.ThreadPool] | Worker 4515917824 asked to SHUTDOWN
09/10 18:52:41 DEBUG    [paste.httpserver.ThreadPool] | Worker 4536938496 asked to SHUTDOWN
09/10 18:52:41 DEBUG    [paste.httpserver.ThreadPool] | Worker 4505407488 asked to SHUTDOWN
09/10 18:52:41 DEBUG    [paste.httpserver.ThreadPool] | Worker 4510662656 asked to SHUTDOWN
09/10 18:52:41 INFO     [paste.httpserver.ThreadPool] | All workers stopped
09/10 18:52:47 [root] | #========================================================
09/10 18:52:47 [root] | # start the game server and web server
09/10 18:52:47 [root] | #========================================================
09/10 18:52:47 [root] | Run the game server...
09/10 18:52:47 [paste.httpserver.ThreadPool] | Started new worker 4589023232: Initial worker pool
09/10 18:52:47 [paste.httpserver.ThreadPool] | Started new worker 4594278400: Initial worker pool
09/10 18:52:47 [paste.httpserver.ThreadPool] | Started new worker 4599533568: Initial worker pool
09/10 18:52:47 [paste.httpserver.ThreadPool] | Started new worker 4604788736: Initial worker pool
09/10 18:52:47 [paste.httpserver.ThreadPool] | Started new worker 4610043904: Initial worker pool
09/10 18:52:47 [paste.httpserver.ThreadPool] | Started new worker 4615299072: Initial worker pool
09/10 18:52:47 [paste.httpserver.ThreadPool] | Started new worker 4620554240: Initial worker pool
09/10 18:52:47 [paste.httpserver.ThreadPool] | Started new worker 4625809408: Initial worker pool
09/10 18:52:47 [paste.httpserver.ThreadPool] | Started new worker 4631326720: Initial worker pool
09/10 18:52:47 [paste.httpserver.ThreadPool] | Started new worker 4636581888: Initial worker pool
09/10 18:53:10 [paste.httpserver.ThreadPool] | Shutting down threadpool
09/10 18:53:10 [paste.httpserver.ThreadPool] | Worker 4589023232 asked to SHUTDOWN
09/10 18:53:10 [paste.httpserver.ThreadPool] | Worker 4594278400 asked to SHUTDOWN
09/10 18:53:10 [paste.httpserver.ThreadPool] | Worker 4615299072 asked to SHUTDOWN
09/10 18:53:10 [paste.httpserver.ThreadPool] | Worker 4636581888 asked to SHUTDOWN
09/10 18:53:10 [paste.httpserver.ThreadPool] | Worker 4620554240 asked to SHUTDOWN
09/10 18:53:10 [paste.httpserver.ThreadPool] | Worker 4599533568 asked to SHUTDOWN
09/10 18:53:10 [paste.httpserver.ThreadPool] | Worker 4625809408 asked to SHUTDOWN
09/10 18:53:10 [paste.httpserver.ThreadPool] | Worker 4610043904 asked to SHUTDOWN
09/10 18:53:10 [paste.httpserver.ThreadPool] | Worker 4631326720 asked to SHUTDOWN
09/10 18:53:10 [paste.httpserver.ThreadPool] | Worker 4604788736 asked to SHUTDOWN
09/10 18:53:10 [paste.httpserver.ThreadPool] | All workers stopped
09/10 18:53:11 [root] | #========================================================
09/10 18:53:11 [root] | # start the game server and web server
09/10 18:53:11 [root] | #========================================================
09/10 18:53:11 [root] | Run the game server...
09/10 18:53:11 [paste.httpserver.ThreadPool] | Started new worker 4440698880: Initial worker pool
09/10 18:53:11 [paste.httpserver.ThreadPool] | Started new worker 4445954048: Initial worker pool
09/10 18:53:11 [paste.httpserver.ThreadPool] | Started new worker 4451209216: Initial worker pool
09/10 18:53:11 [paste.httpserver.ThreadPool] | Started new worker 4456464384: Initial worker pool
09/10 18:53:11 [paste.httpserver.ThreadPool] | Started new worker 4461719552: Initial worker pool
09/10 18:53:11 [paste.httpserver.ThreadPool] | Started new worker 4466974720: Initial worker pool
09/10 18:53:11 [paste.httpserver.ThreadPool] | Started new worker 4472229888: Initial worker pool
09/10 18:53:11 [paste.httpserver.ThreadPool] | Started new worker 4477485056: Initial worker pool
09/10 18:53:11 [paste.httpserver.ThreadPool] | Started new worker 4482740224: Initial worker pool
09/10 18:53:11 [paste.httpserver.ThreadPool] | Started new worker 4487995392: Initial worker pool
09/10 18:54:07 [paste.httpserver.ThreadPool] | Shutting down threadpool
09/10 18:54:07 [paste.httpserver.ThreadPool] | Worker 4445954048 asked to SHUTDOWN
09/10 18:54:07 [paste.httpserver.ThreadPool] | Worker 4466974720 asked to SHUTDOWN
09/10 18:54:07 [paste.httpserver.ThreadPool] | Worker 4451209216 asked to SHUTDOWN
09/10 18:54:07 [paste.httpserver.ThreadPool] | Worker 4477485056 asked to SHUTDOWN
09/10 18:54:07 [paste.httpserver.ThreadPool] | Worker 4456464384 asked to SHUTDOWN
09/10 18:54:07 [paste.httpserver.ThreadPool] | Worker 4461719552 asked to SHUTDOWN
09/10 18:54:07 [paste.httpserver.ThreadPool] | Worker 4487995392 asked to SHUTDOWN
09/10 18:54:07 [paste.httpserver.ThreadPool] | Worker 4440698880 asked to SHUTDOWN
09/10 18:54:07 [paste.httpserver.ThreadPool] | Worker 4472229888 asked to SHUTDOWN
09/10 18:54:07 [paste.httpserver.ThreadPool] | Worker 4482740224 asked to SHUTDOWN
09/10 18:54:07 [paste.httpserver.ThreadPool] | All workers stopped
09/10 18:59:47 [root] | #=========================================#
09/10 18:59:47 [root] | # Labyrinth Game server is going to start #
09/10 18:59:47 [root] | #=========================================#
09/10 18:59:47 [root] | Run the game server...
09/10 18:59:47 [paste.httpserver.ThreadPool] | Started new worker 4351041536: Initial worker pool
09/10 18:59:47 [paste.httpserver.ThreadPool] | Started new worker 4356296704: Initial worker pool
09/10 18:59:47 [paste.httpserver.ThreadPool] | Started new worker 4361551872: Initial worker pool
09/10 18:59:47 [paste.httpserver.ThreadPool] | Started new worker 4366807040: Initial worker pool
09/10 18:59:47 [paste.httpserver.ThreadPool] | Started new worker 4372062208: Initial worker pool
09/10 18:59:47 [paste.httpserver.ThreadPool] | Started new worker 4377317376: Initial worker pool
09/10 18:59:47 [paste.httpserver.ThreadPool] | Started new worker 4382572544: Initial worker pool
09/10 18:59:47 [paste.httpserver.ThreadPool] | Started new worker 4387827712: Initial worker pool
09/10 18:59:47 [paste.httpserver.ThreadPool] | Started new worker 4393082880: Initial worker pool
09/10 18:59:47 [paste.httpserver.ThreadPool] | Started new worker 4398338048: Initial worker pool
09/10 18:59:55 [paste.httpserver.ThreadPool] | Added task (0 tasks queued)
09/10 18:59:55 [wsgi] | 127.0.0.1 - - [10/Sep/2016:18:59:55 +0200] "GET /logs HTTP/1.1" 200 34198 "-" "Mozilla/5.0 (Macintosh; Intel Mac OS X 10.9; rv:48.0) Gecko/20100101 Firefox/48.0"
09/10 19:00:10 [paste.httpserver.ThreadPool] | Added task (0 tasks queued)
09/10 19:00:10 [wsgi] | 127.0.0.1 - - [10/Sep/2016:19:00:10 +0200] "GET /logs HTTP/1.1" 200 34459 "-" "Mozilla/5.0 (Macintosh; Intel Mac OS X 10.9; rv:48.0) Gecko/20100101 Firefox/48.0"
09/10 20:53:18 [paste.httpserver.ThreadPool] | Added task (0 tasks queued)
09/10 20:53:18 [wsgi] | 127.0.0.1 - - [10/Sep/2016:20:53:18 +0200] "GET /logs HTTP/1.1" 200 34720 "-" "Mozilla/5.0 (Macintosh; Intel Mac OS X 10.9; rv:48.0) Gecko/20100101 Firefox/48.0"
09/10 20:53:18 [paste.httpserver.ThreadPool] | Added task (0 tasks queued)
09/10 20:53:18 [wsgi] | 127.0.0.1 - - [10/Sep/2016:20:53:18 +0200] "GET /favicon.ico HTTP/1.1" 404 742 "-" "Mozilla/5.0 (Macintosh; Intel Mac OS X 10.9; rv:48.0) Gecko/20100101 Firefox/48.0"
09/10 20:53:18 [paste.httpserver.ThreadPool] | Added task (0 tasks queued)
09/10 20:53:18 [wsgi] | 127.0.0.1 - - [10/Sep/2016:20:53:18 +0200] "GET /favicon.ico HTTP/1.1" 404 742 "-" "Mozilla/5.0 (Macintosh; Intel Mac OS X 10.9; rv:48.0) Gecko/20100101 Firefox/48.0"
09/10 21:38:10 [root] | #=========================================#
09/10 21:38:10 [root] | # Labyrinth Game server is going to start #
09/10 21:38:10 [root] | #=========================================#
09/10 21:38:10 [paste.httpserver.ThreadPool] | Started new worker 4363309056: Initial worker pool
09/10 21:38:10 [paste.httpserver.ThreadPool] | Started new worker 4368564224: Initial worker pool
09/10 21:38:10 [paste.httpserver.ThreadPool] | Started new worker 4373819392: Initial worker pool
09/10 21:38:10 [paste.httpserver.ThreadPool] | Started new worker 4379074560: Initial worker pool
09/10 21:38:10 [paste.httpserver.ThreadPool] | Started new worker 4384329728: Initial worker pool
09/10 21:38:10 [paste.httpserver.ThreadPool] | Started new worker 4389584896: Initial worker pool
09/10 21:38:10 [paste.httpserver.ThreadPool] | Started new worker 4394840064: Initial worker pool
09/10 21:38:10 [paste.httpserver.ThreadPool] | Started new worker 4400095232: Initial worker pool
09/10 21:38:10 [paste.httpserver.ThreadPool] | Started new worker 4405350400: Initial worker pool
09/10 21:38:10 [paste.httpserver.ThreadPool] | Started new worker 4410605568: Initial worker pool
09/10 21:38:19 [paste.httpserver.ThreadPool] | Shutting down threadpool
09/10 21:38:19 [paste.httpserver.ThreadPool] | Worker 4363309056 asked to SHUTDOWN
09/10 21:38:19 [paste.httpserver.ThreadPool] | Worker 4373819392 asked to SHUTDOWN
09/10 21:38:19 [paste.httpserver.ThreadPool] | Worker 4384329728 asked to SHUTDOWN
09/10 21:38:19 [paste.httpserver.ThreadPool] | Worker 4389584896 asked to SHUTDOWN
09/10 21:38:19 [paste.httpserver.ThreadPool] | Worker 4394840064 asked to SHUTDOWN
09/10 21:38:19 [paste.httpserver.ThreadPool] | Worker 4400095232 asked to SHUTDOWN
09/10 21:38:19 [paste.httpserver.ThreadPool] | Worker 4405350400 asked to SHUTDOWN
09/10 21:38:19 [paste.httpserver.ThreadPool] | Worker 4410605568 asked to SHUTDOWN
09/10 21:38:19 [paste.httpserver.ThreadPool] | Worker 4379074560 asked to SHUTDOWN
09/10 21:38:19 [paste.httpserver.ThreadPool] | Worker 4368564224 asked to SHUTDOWN
09/10 21:38:19 [paste.httpserver.ThreadPool] | All workers stopped
09/10 21:39:11 [root] | #=========================================#
09/10 21:39:11 [root] | # Labyrinth Game server is going to start #
09/10 21:39:11 [root] | #=========================================#
09/10 21:39:11 [Game] | Run the game server...
09/10 21:39:11 [paste.httpserver.ThreadPool] | Started new worker 4354617344: Initial worker pool
09/10 21:39:11 [paste.httpserver.ThreadPool] | Started new worker 4359872512: Initial worker pool
09/10 21:39:11 [paste.httpserver.ThreadPool] | Started new worker 4365127680: Initial worker pool
09/10 21:39:11 [paste.httpserver.ThreadPool] | Started new worker 4370382848: Initial worker pool
09/10 21:39:11 [paste.httpserver.ThreadPool] | Started new worker 4375638016: Initial worker pool
09/10 21:39:11 [paste.httpserver.ThreadPool] | Started new worker 4380893184: Initial worker pool
09/10 21:39:11 [paste.httpserver.ThreadPool] | Started new worker 4386148352: Initial worker pool
09/10 21:39:11 [paste.httpserver.ThreadPool] | Started new worker 4391403520: Initial worker pool
09/10 21:39:11 [paste.httpserver.ThreadPool] | Started new worker 4396658688: Initial worker pool
09/10 21:39:11 [paste.httpserver.ThreadPool] | Started new worker 4401913856: Initial worker pool
09/10 21:55:29 [paste.httpserver.ThreadPool] | Added task (0 tasks queued)
09/10 21:55:29 [wsgi] | 127.0.0.1 - - [10/Sep/2016:21:55:29 +0200] "GET /favicon.ico HTTP/1.1" 404 742 "-" "Mozilla/5.0 (Macintosh; Intel Mac OS X 10.9; rv:48.0) Gecko/20100101 Firefox/48.0"
09/10 21:55:29 [paste.httpserver.ThreadPool] | Added task (0 tasks queued)
09/10 21:55:29 [wsgi] | 127.0.0.1 - - [10/Sep/2016:21:55:29 +0200] "GET /favicon.ico HTTP/1.1" 404 742 "-" "Mozilla/5.0 (Macintosh; Intel Mac OS X 10.9; rv:48.0) Gecko/20100101 Firefox/48.0"
