09/11 10:34:22 | =================================
09/11 10:34:22 | babyLaby just log in.
09/11 10:43:56 | =================================
09/11 10:43:56 | babyLaby just log in.
09/11 10:44:02 | Error with babyLaby (127.0.0.1): '"Bad protocol, command should not start with ''"'
09/11 10:44:41 | =================================
09/11 10:44:41 | =================================
09/11 10:44:41 | babyLaby just log in.
09/11 10:44:41 | babyLaby just log in.
09/11 10:44:51 | Error with babyLaby (127.0.0.1): '"Bad protocol, command should not start with ''"'
09/11 10:44:51 | Error with babyLaby (127.0.0.1): '"Bad protocol, command should not start with ''"'
09/11 10:45:36 | =================================
09/11 10:45:36 | =================================
09/11 10:45:36 | =================================
09/11 10:45:36 | babyLaby just log in.
09/11 10:45:36 | babyLaby just log in.
09/11 10:45:36 | babyLaby just log in.
09/11 10:46:53 | Error with babyLaby (127.0.0.1): '"Bad protocol, command should not start with ''"'
09/11 10:46:53 | Error with babyLaby (127.0.0.1): '"Bad protocol, command should not start with ''"'
09/11 10:46:53 | Error with babyLaby (127.0.0.1): '"Bad protocol, command should not start with ''"'
09/11 10:47:09 | =================================
09/11 10:47:09 | =================================
09/11 10:47:09 | =================================
09/11 10:47:09 | =================================
09/11 10:47:09 | babyLaby just log in.
09/11 10:47:09 | babyLaby just log in.
09/11 10:47:09 | babyLaby just log in.
09/11 10:47:09 | babyLaby just log in.
09/11 10:50:13 | =================================
09/11 10:50:13 | babyLaby just log in.
09/11 10:50:19 | Error with babyLaby (127.0.0.1): '"Bad protocol, command should not start with ''"'
09/11 10:51:41 | =================================
09/11 10:51:41 | babyLaby just log in.
09/11 10:51:57 | Error with babyLaby (127.0.0.1): '"Bad protocol, command should not start with ''"'
09/11 10:52:08 | =================================
09/11 10:52:08 | babyLaby just log in.
09/11 12:18:58 | =================================
09/11 12:18:58 | babyLaby just log in.
09/11 12:19:29 | Error with babyLaby (127.0.0.1): '"Bad protocol, command should not start with ''"'
09/11 12:19:29 | babyLaby just log out.
09/11 14:12:07 | =================================
09/11 14:12:07 | babyLaby just log in.
09/11 14:15:15 | Error with babyLaby (127.0.0.1): '"Bad protocol, command should not start with ''"'
09/11 14:15:15 | babyLaby just log out.
09/11 18:12:49 | =================================
09/11 18:12:49 | babyLaby just log in.
09/12 21:57:44 | =================================
09/12 21:57:44 | babyLaby just log in.
09/12 21:58:17 | Enter in game 1473710297-567104255-babyLaby-toto2
09/12 21:58:17 | babyLaby just log out.
09/12 22:01:15 | =================================
09/12 22:01:15 | babyLaby just log in.
09/12 22:01:42 | Enter in game 1473710502-950418914-babyLaby-toto2
09/12 22:02:03 | Error with babyLaby (127.0.0.1): '"Bad protocol, command should not start with ''"'
09/12 22:02:03 | babyLaby just log out.
09/12 22:18:11 | =================================
09/12 22:18:11 | babyLaby just log in.
09/12 22:20:24 | Enter in game 1473711624-244436674-babyLaby-toto1
09/12 22:21:03 | Error with babyLaby (127.0.0.1): '"Bad protocol, command should not start with ''"'
09/12 22:21:03 | babyLaby just log out.
09/13 17:51:28 | =================================
09/13 17:51:28 | babyLaby just log in.
09/13 17:51:53 | Enter in game 1473781913-212238673-toto1-babyLaby
09/15 16:10:32 | =================================
09/15 16:10:32 | babyLaby just log in.
09/15 16:10:37 | Enter in game 1473948637-688436858-babyLaby-toto1
09/15 16:10:37 | babyLaby just log out.
09/15 16:11:56 | =================================
09/15 16:11:56 | babyLaby just log in.
09/15 16:12:20 | Enter in game 1473948740-821167099-toto2-babyLaby
09/15 16:12:38 | Error with babyLaby (127.0.0.1): '"Bad protocol, command should not start with ''"'
09/15 16:12:38 | babyLaby just log out.
09/15 18:30:03 | =================================
09/15 18:30:03 | babyLaby just log in.
09/15 18:30:09 | Enter in game 1473957009-81933386-toto2-babyLaby
09/15 18:30:33 | Error with babyLaby (127.0.0.1): '"Bad protocol, command should not start with ''"'
09/15 18:30:33 | babyLaby just log out.
09/15 18:30:44 | =================================
09/15 18:30:44 | babyLaby just log in.
09/15 18:42:25 | =================================
09/15 18:42:25 | babyLaby just log in.
09/15 18:42:32 | Enter in game 1473957752-913213959-toto1-babyLaby
09/15 18:42:32 | babyLaby just log out.
09/15 18:43:53 | =================================
09/15 18:43:53 | babyLaby just log in.
09/15 18:43:57 | Enter in game 1473957837-443251192-babyLaby-toto2
09/15 18:44:24 | Error with babyLaby (127.0.0.1): '"Bad protocol, command should not start with ''"'
09/15 18:44:24 | babyLaby just log out.
09/16 10:15:37 | =================================
09/16 10:15:37 | babyLaby just log in.
09/16 10:15:54 | Enter in game 1474013754-372064555-babyLaby-toto2
09/16 10:18:58 | Error with babyLaby (127.0.0.1): '"Bad protocol, command should not start with ''"'
09/16 10:18:58 | babyLaby just log out.
09/16 10:22:53 | =================================
09/16 10:22:53 | babyLaby just log in.
09/16 10:23:02 | Enter in game 1474014182-548186792-babyLaby-toto1
09/16 10:24:29 | Error with babyLaby (127.0.0.1): '"Bad protocol, command should not start with ''"'
09/16 10:24:29 | babyLaby just log out.
09/16 10:25:26 | =================================
09/16 10:25:26 | babyLaby just log in.
09/16 10:25:56 | Enter in game 1474014356-906154824-babyLaby-toto2
09/16 10:42:38 | Error with babyLaby (127.0.0.1): '"Bad protocol, command should not start with ''"'
09/16 10:42:38 | babyLaby just log out.
09/16 10:48:51 | =================================
09/16 10:48:51 | babyLaby just log in.
